Determining if the pthread_create exist failed with the following output:
Change Dir: /home/ohara-w/researches/programs/workspace/samples/sample1/build/CMakeFiles/CMakeTmp

Run Build Command:"/usr/bin/make" "cmTC_33716/fast"
/usr/bin/make -f CMakeFiles/cmTC_33716.dir/build.make CMakeFiles/cmTC_33716.dir/build
make[1]: ディレクトリ '/home/ohara-w/researches/programs/workspace/samples/sample1/build/CMakeFiles/CMakeTmp' に入ります
Building C object CMakeFiles/cmTC_33716.dir/CheckSymbolExists.c.o
/usr/bin/cc     -o CMakeFiles/cmTC_33716.dir/CheckSymbolExists.c.o   -c /home/ohara-w/researches/programs/workspace/samples/sample1/build/CMakeFiles/CMakeTmp/CheckSymbolExists.c
Linking C executable cmTC_33716
/usr/bin/cmake -E cmake_link_script CMakeFiles/cmTC_33716.dir/link.txt --verbose=1
/usr/bin/cc       CMakeFiles/cmTC_33716.dir/CheckSymbolExists.c.o  -o cmTC_33716 -rdynamic 
CMakeFiles/cmTC_33716.dir/CheckSymbolExists.c.o: 関数 `main' 内:
CheckSymbolExists.c:(.text+0x16): `pthread_create' に対する定義されていない参照です
collect2: error: ld returned 1 exit status
CMakeFiles/cmTC_33716.dir/build.make:97: ターゲット 'cmTC_33716' のレシピで失敗しました
make[1]: *** [cmTC_33716] エラー 1
make[1]: ディレクトリ '/home/ohara-w/researches/programs/workspace/samples/sample1/build/CMakeFiles/CMakeTmp' から出ます
Makefile:126: ターゲット 'cmTC_33716/fast' のレシピで失敗しました
make: *** [cmTC_33716/fast] エラー 2

File /home/ohara-w/researches/programs/workspace/samples/sample1/build/CMakeFiles/CMakeTmp/CheckSymbolExists.c:
/* */
#include <pthread.h>

int main(int argc, char** argv)
{
  (void)argv;
#ifndef pthread_create
  return ((int*)(&pthread_create))[argc];
#else
  (void)argc;
  return 0;
#endif
}

Determining if the function pthread_create exists in the pthreads failed with the following output:
Change Dir: /home/ohara-w/researches/programs/workspace/samples/sample1/build/CMakeFiles/CMakeTmp

Run Build Command:"/usr/bin/make" "cmTC_4deac/fast"
/usr/bin/make -f CMakeFiles/cmTC_4deac.dir/build.make CMakeFiles/cmTC_4deac.dir/build
make[1]: ディレクトリ '/home/ohara-w/researches/programs/workspace/samples/sample1/build/CMakeFiles/CMakeTmp' に入ります
Building C object CMakeFiles/cmTC_4deac.dir/CheckFunctionExists.c.o
/usr/bin/cc    -DCHECK_FUNCTION_EXISTS=pthread_create   -o CMakeFiles/cmTC_4deac.dir/CheckFunctionExists.c.o   -c /usr/share/cmake-3.5/Modules/CheckFunctionExists.c
Linking C executable cmTC_4deac
/usr/bin/cmake -E cmake_link_script CMakeFiles/cmTC_4deac.dir/link.txt --verbose=1
/usr/bin/cc   -DCHECK_FUNCTION_EXISTS=pthread_create    CMakeFiles/cmTC_4deac.dir/CheckFunctionExists.c.o  -o cmTC_4deac -rdynamic -lpthreads 
/usr/bin/ld: -lpthreads が見つかりません
collect2: error: ld returned 1 exit status
CMakeFiles/cmTC_4deac.dir/build.make:97: ターゲット 'cmTC_4deac' のレシピで失敗しました
make[1]: *** [cmTC_4deac] エラー 1
make[1]: ディレクトリ '/home/ohara-w/researches/programs/workspace/samples/sample1/build/CMakeFiles/CMakeTmp' から出ます
Makefile:126: ターゲット 'cmTC_4deac/fast' のレシピで失敗しました
make: *** [cmTC_4deac/fast] エラー 2


